
/home/runner/work/exp-projection-of-points-dei/exp-projection-of-points-dei/experiment/simulation/js/exp1.js
    9:7   warning  'comp1Step3' is assigned a value but never used      no-unused-vars
   10:7   warning  'comp2Step3' is assigned a value but never used      no-unused-vars
   14:7   warning  'pencil3Step3' is assigned a value but never used    no-unused-vars
   15:7   warning  'pencil4Step3' is assigned a value but never used    no-unused-vars
   16:7   warning  'pencil5Step3' is assigned a value but never used    no-unused-vars
   17:7   warning  'pencil6Step3' is assigned a value but never used    no-unused-vars
   18:7   warning  'pencil7Step3' is assigned a value but never used    no-unused-vars
   21:7   warning  'dropMenu2Step3' is assigned a value but never used  no-unused-vars
   22:7   warning  'dropMenu3Step3' is assigned a value but never used  no-unused-vars
   23:7   warning  'dropMenu4Step3' is assigned a value but never used  no-unused-vars
   24:7   warning  'dropMenu5Step3' is assigned a value but never used  no-unused-vars
   25:7   warning  'dropMenu6Step3' is assigned a value but never used  no-unused-vars
   26:7   warning  'dropMenu7Step3' is assigned a value but never used  no-unused-vars
   32:7   warning  'png4Step3' is assigned a value but never used       no-unused-vars
   33:7   warning  'png5Step3' is assigned a value but never used       no-unused-vars
   34:7   warning  'png6Step3' is assigned a value but never used       no-unused-vars
   35:7   warning  'png7Step3' is assigned a value but never used       no-unused-vars
   36:7   warning  'png8Step3' is assigned a value but never used       no-unused-vars
   37:7   warning  'png9Step3' is assigned a value but never used       no-unused-vars
   38:7   warning  'png10Step3' is assigned a value but never used      no-unused-vars
   44:7   warning  'gif3Step3' is assigned a value but never used       no-unused-vars
   45:7   warning  'gif4Step3' is assigned a value but never used       no-unused-vars
   46:7   warning  'gif5Step3' is assigned a value but never used       no-unused-vars
   47:7   warning  'gif6Step3' is assigned a value but never used       no-unused-vars
   48:7   warning  'gif7Step3' is assigned a value but never used       no-unused-vars
   49:7   warning  'gif8Step3' is assigned a value but never used       no-unused-vars
   50:7   warning  'gif9Step3' is assigned a value but never used       no-unused-vars
   54:7   warning  'trans2Step3' is assigned a value but never used     no-unused-vars
   55:7   warning  'trans3Step3' is assigned a value but never used     no-unused-vars
   56:7   warning  'trans4Step3' is assigned a value but never used     no-unused-vars
   57:7   warning  'trans5Step3' is assigned a value but never used     no-unused-vars
   58:7   warning  'trans6Step3' is assigned a value but never used     no-unused-vars
   59:7   warning  'trans7Step3' is assigned a value but never used     no-unused-vars
   60:7   warning  'trans8Step3' is assigned a value but never used     no-unused-vars
   66:7   warning  'arr4Step3' is assigned a value but never used       no-unused-vars
   67:7   warning  'arr5Step3' is assigned a value but never used       no-unused-vars
   68:7   warning  'arr6Step3' is assigned a value but never used       no-unused-vars
   69:7   warning  'arr7Step3' is assigned a value but never used       no-unused-vars
   70:7   warning  'arr8Step3' is assigned a value but never used       no-unused-vars
   93:44  warning  'evt' is defined but never used                      no-unused-vars
  113:17  warning  'evt' is defined but never used                      no-unused-vars

/home/runner/work/exp-projection-of-points-dei/exp-projection-of-points-dei/experiment/simulation/js/exp2.js
    6:7   warning  'comp1Step3' is assigned a value but never used       no-unused-vars
    7:7   warning  'comp2Step3' is assigned a value but never used       no-unused-vars
    8:7   warning  'comp3Step3' is assigned a value but never used       no-unused-vars
   12:7   warning  'pencil3Step3' is assigned a value but never used     no-unused-vars
   13:7   warning  'pencil4Step3' is assigned a value but never used     no-unused-vars
   14:7   warning  'pencil5Step3' is assigned a value but never used     no-unused-vars
   15:7   warning  'pencil6Step3' is assigned a value but never used     no-unused-vars
   16:7   warning  'pencil7Step3' is assigned a value but never used     no-unused-vars
   17:7   warning  'pencil8Step3' is assigned a value but never used     no-unused-vars
   18:7   warning  'pencil9Step3' is assigned a value but never used     no-unused-vars
   19:7   warning  'pencil10Step3' is assigned a value but never used    no-unused-vars
   20:7   warning  'pencil11Step3' is assigned a value but never used    no-unused-vars
   23:7   warning  'dropMenu2Step3' is assigned a value but never used   no-unused-vars
   24:7   warning  'dropMenu3Step3' is assigned a value but never used   no-unused-vars
   25:7   warning  'dropMenu4Step3' is assigned a value but never used   no-unused-vars
   26:7   warning  'dropMenu5Step3' is assigned a value but never used   no-unused-vars
   27:7   warning  'dropMenu6Step3' is assigned a value but never used   no-unused-vars
   28:7   warning  'dropMenu7Step3' is assigned a value but never used   no-unused-vars
   29:7   warning  'dropMenu8Step3' is assigned a value but never used   no-unused-vars
   30:7   warning  'dropMenu9Step3' is assigned a value but never used   no-unused-vars
   31:7   warning  'dropMenu10Step3' is assigned a value but never used  no-unused-vars
   37:7   warning  'png4Step3' is assigned a value but never used        no-unused-vars
   43:7   warning  'gif3Step3' is assigned a value but never used        no-unused-vars
   44:7   warning  'gif4Step3' is assigned a value but never used        no-unused-vars
   45:7   warning  'gif5Step3' is assigned a value but never used        no-unused-vars
   46:7   warning  'gif6Step3' is assigned a value but never used        no-unused-vars
   47:7   warning  'gif7Step3' is assigned a value but never used        no-unused-vars
   48:7   warning  'gif8Step3' is assigned a value but never used        no-unused-vars
   49:7   warning  'gif9Step3' is assigned a value but never used        no-unused-vars
   50:7   warning  'gif10Step3' is assigned a value but never used       no-unused-vars
   51:7   warning  'gif11Step3' is assigned a value but never used       no-unused-vars
   52:7   warning  'gif12Step3' is assigned a value but never used       no-unused-vars
   53:7   warning  'gif13Step3' is assigned a value but never used       no-unused-vars
   54:7   warning  'gif14Step3' is assigned a value but never used       no-unused-vars
   58:7   warning  'trans2Step3' is assigned a value but never used      no-unused-vars
   59:7   warning  'trans3Step3' is assigned a value but never used      no-unused-vars
   60:7   warning  'trans4Step3' is assigned a value but never used      no-unused-vars
   61:7   warning  'trans5Step3' is assigned a value but never used      no-unused-vars
   62:7   warning  'trans6Step3' is assigned a value but never used      no-unused-vars
   63:7   warning  'trans7Step3' is assigned a value but never used      no-unused-vars
   64:7   warning  'trans8Step3' is assigned a value but never used      no-unused-vars
   65:7   warning  'trans9Step3' is assigned a value but never used      no-unused-vars
   66:7   warning  'trans10Step3' is assigned a value but never used     no-unused-vars
   67:7   warning  'trans11Step3' is assigned a value but never used     no-unused-vars
   68:7   warning  'trans12Step3' is assigned a value but never used     no-unused-vars
   69:7   warning  'trans13Step3' is assigned a value but never used     no-unused-vars
   75:7   warning  'arr4Step3' is assigned a value but never used        no-unused-vars
   76:7   warning  'arr5Step3' is assigned a value but never used        no-unused-vars
   77:7   warning  'arr6Step3' is assigned a value but never used        no-unused-vars
   78:7   warning  'arr7Step3' is assigned a value but never used        no-unused-vars
   79:7   warning  'arr8Step3' is assigned a value but never used        no-unused-vars
  102:44  warning  'evt' is defined but never used                       no-unused-vars
  122:17  warning  'evt' is defined but never used                       no-unused-vars

/home/runner/work/exp-projection-of-points-dei/exp-projection-of-points-dei/experiment/simulation/js/exp3.js
    9:7   warning  'comp1Step3' is assigned a value but never used       no-unused-vars
   10:7   warning  'comp2Step3' is assigned a value but never used       no-unused-vars
   11:7   warning  'comp3Step3' is assigned a value but never used       no-unused-vars
   15:7   warning  'pencil3Step3' is assigned a value but never used     no-unused-vars
   16:7   warning  'pencil4Step3' is assigned a value but never used     no-unused-vars
   17:7   warning  'pencil5Step3' is assigned a value but never used     no-unused-vars
   18:7   warning  'pencil6Step3' is assigned a value but never used     no-unused-vars
   19:7   warning  'pencil7Step3' is assigned a value but never used     no-unused-vars
   20:7   warning  'pencil8Step3' is assigned a value but never used     no-unused-vars
   21:7   warning  'pencil9Step3' is assigned a value but never used     no-unused-vars
   22:7   warning  'pencil10Step3' is assigned a value but never used    no-unused-vars
   23:7   warning  'pencil11Step3' is assigned a value but never used    no-unused-vars
   26:7   warning  'dropMenu2Step3' is assigned a value but never used   no-unused-vars
   27:7   warning  'dropMenu3Step3' is assigned a value but never used   no-unused-vars
   28:7   warning  'dropMenu4Step3' is assigned a value but never used   no-unused-vars
   29:7   warning  'dropMenu5Step3' is assigned a value but never used   no-unused-vars
   30:7   warning  'dropMenu6Step3' is assigned a value but never used   no-unused-vars
   31:7   warning  'dropMenu7Step3' is assigned a value but never used   no-unused-vars
   32:7   warning  'dropMenu8Step3' is assigned a value but never used   no-unused-vars
   33:7   warning  'dropMenu9Step3' is assigned a value but never used   no-unused-vars
   34:7   warning  'dropMenu10Step3' is assigned a value but never used  no-unused-vars
   40:7   warning  'png4Step3' is assigned a value but never used        no-unused-vars
   41:7   warning  'png5Step3' is assigned a value but never used        no-unused-vars
   42:7   warning  'png6Step3' is assigned a value but never used        no-unused-vars
   43:7   warning  'png7Step3' is assigned a value but never used        no-unused-vars
   44:7   warning  'png8Step3' is assigned a value but never used        no-unused-vars
   45:7   warning  'png9Step3' is assigned a value but never used        no-unused-vars
   46:7   warning  'png10Step3' is assigned a value but never used       no-unused-vars
   47:7   warning  'png11Step3' is assigned a value but never used       no-unused-vars
   48:7   warning  'png12Step3' is assigned a value but never used       no-unused-vars
   49:7   warning  'png13Step3' is assigned a value but never used       no-unused-vars
   50:7   warning  'png14Step3' is assigned a value but never used       no-unused-vars
   51:7   warning  'png15Step3' is assigned a value but never used       no-unused-vars
   57:7   warning  'gif3Step3' is assigned a value but never used        no-unused-vars
   58:7   warning  'gif4Step3' is assigned a value but never used        no-unused-vars
   59:7   warning  'gif5Step3' is assigned a value but never used        no-unused-vars
   61:7   warning  'gif7Step3' is assigned a value but never used        no-unused-vars
   62:7   warning  'gif8Step3' is assigned a value but never used        no-unused-vars
   63:7   warning  'gif9Step3' is assigned a value but never used        no-unused-vars
   64:7   warning  'gif10Step3' is assigned a value but never used       no-unused-vars
   65:7   warning  'gif11Step3' is assigned a value but never used       no-unused-vars
   66:7   warning  'gif12Step3' is assigned a value but never used       no-unused-vars
   67:7   warning  'gif13Step3' is assigned a value but never used       no-unused-vars
   68:7   warning  'gif14Step3' is assigned a value but never used       no-unused-vars
   72:7   warning  'trans2Step3' is assigned a value but never used      no-unused-vars
   73:7   warning  'trans3Step3' is assigned a value but never used      no-unused-vars
   74:7   warning  'trans4Step3' is assigned a value but never used      no-unused-vars
   75:7   warning  'trans5Step3' is assigned a value but never used      no-unused-vars
   76:7   warning  'trans6Step3' is assigned a value but never used      no-unused-vars
   77:7   warning  'trans7Step3' is assigned a value but never used      no-unused-vars
   78:7   warning  'trans8Step3' is assigned a value but never used      no-unused-vars
   79:7   warning  'trans9Step3' is assigned a value but never used      no-unused-vars
   80:7   warning  'trans10Step3' is assigned a value but never used     no-unused-vars
   81:7   warning  'trans11Step3' is assigned a value but never used     no-unused-vars
   82:7   warning  'trans12Step3' is assigned a value but never used     no-unused-vars
   83:7   warning  'trans13Step3' is assigned a value but never used     no-unused-vars
   89:7   warning  'arr4Step3' is assigned a value but never used        no-unused-vars
   90:7   warning  'arr5Step3' is assigned a value but never used        no-unused-vars
   91:7   warning  'arr6Step3' is assigned a value but never used        no-unused-vars
   92:7   warning  'arr7Step3' is assigned a value but never used        no-unused-vars
   93:7   warning  'arr8Step3' is assigned a value but never used        no-unused-vars
  117:44  warning  'evt' is defined but never used                       no-unused-vars
  137:17  warning  'evt' is defined but never used                       no-unused-vars

/home/runner/work/exp-projection-of-points-dei/exp-projection-of-points-dei/experiment/simulation/js/exp4.js
    9:7   warning  'comp1Step3' is assigned a value but never used       no-unused-vars
   10:7   warning  'comp2Step3' is assigned a value but never used       no-unused-vars
   11:7   warning  'comp3Step3' is assigned a value but never used       no-unused-vars
   15:7   warning  'pencil3Step3' is assigned a value but never used     no-unused-vars
   16:7   warning  'pencil4Step3' is assigned a value but never used     no-unused-vars
   17:7   warning  'pencil5Step3' is assigned a value but never used     no-unused-vars
   18:7   warning  'pencil6Step3' is assigned a value but never used     no-unused-vars
   19:7   warning  'pencil7Step3' is assigned a value but never used     no-unused-vars
   20:7   warning  'pencil8Step3' is assigned a value but never used     no-unused-vars
   21:7   warning  'pencil9Step3' is assigned a value but never used     no-unused-vars
   22:7   warning  'pencil10Step3' is assigned a value but never used    no-unused-vars
   23:7   warning  'pencil11Step3' is assigned a value but never used    no-unused-vars
   26:7   warning  'dropMenu2Step3' is assigned a value but never used   no-unused-vars
   27:7   warning  'dropMenu3Step3' is assigned a value but never used   no-unused-vars
   28:7   warning  'dropMenu4Step3' is assigned a value but never used   no-unused-vars
   29:7   warning  'dropMenu5Step3' is assigned a value but never used   no-unused-vars
   30:7   warning  'dropMenu6Step3' is assigned a value but never used   no-unused-vars
   31:7   warning  'dropMenu7Step3' is assigned a value but never used   no-unused-vars
   32:7   warning  'dropMenu8Step3' is assigned a value but never used   no-unused-vars
   33:7   warning  'dropMenu9Step3' is assigned a value but never used   no-unused-vars
   34:7   warning  'dropMenu10Step3' is assigned a value but never used  no-unused-vars
   40:7   warning  'png4Step3' is assigned a value but never used        no-unused-vars
   41:7   warning  'png5Step3' is assigned a value but never used        no-unused-vars
   42:7   warning  'png6Step3' is assigned a value but never used        no-unused-vars
   43:7   warning  'png7Step3' is assigned a value but never used        no-unused-vars
   44:7   warning  'png8Step3' is assigned a value but never used        no-unused-vars
   45:7   warning  'png9Step3' is assigned a value but never used        no-unused-vars
   46:7   warning  'png10Step3' is assigned a value but never used       no-unused-vars
   47:7   warning  'png11Step3' is assigned a value but never used       no-unused-vars
   48:7   warning  'png12Step3' is assigned a value but never used       no-unused-vars
   49:7   warning  'png13Step3' is assigned a value but never used       no-unused-vars
   50:7   warning  'png14Step3' is assigned a value but never used       no-unused-vars
   51:7   warning  'png15Step3' is assigned a value but never used       no-unused-vars
   57:7   warning  'gif3Step3' is assigned a value but never used        no-unused-vars
   58:7   warning  'gif4Step3' is assigned a value but never used        no-unused-vars
   59:7   warning  'gif5Step3' is assigned a value but never used        no-unused-vars
   60:7   warning  'gif6Step3' is assigned a value but never used        no-unused-vars
   61:7   warning  'gif7Step3' is assigned a value but never used        no-unused-vars
   62:7   warning  'gif8Step3' is assigned a value but never used        no-unused-vars
   63:7   warning  'gif9Step3' is assigned a value but never used        no-unused-vars
   64:7   warning  'gif10Step3' is assigned a value but never used       no-unused-vars
   65:7   warning  'gif11Step3' is assigned a value but never used       no-unused-vars
   66:7   warning  'gif12Step3' is assigned a value but never used       no-unused-vars
   67:7   warning  'gif13Step3' is assigned a value but never used       no-unused-vars
   68:7   warning  'gif14Step3' is assigned a value but never used       no-unused-vars
   72:7   warning  'trans2Step3' is assigned a value but never used      no-unused-vars
   73:7   warning  'trans3Step3' is assigned a value but never used      no-unused-vars
   74:7   warning  'trans4Step3' is assigned a value but never used      no-unused-vars
   75:7   warning  'trans5Step3' is assigned a value but never used      no-unused-vars
   76:7   warning  'trans6Step3' is assigned a value but never used      no-unused-vars
   77:7   warning  'trans7Step3' is assigned a value but never used      no-unused-vars
   78:7   warning  'trans8Step3' is assigned a value but never used      no-unused-vars
   79:7   warning  'trans9Step3' is assigned a value but never used      no-unused-vars
   80:7   warning  'trans10Step3' is assigned a value but never used     no-unused-vars
   81:7   warning  'trans11Step3' is assigned a value but never used     no-unused-vars
   82:7   warning  'trans12Step3' is assigned a value but never used     no-unused-vars
   83:7   warning  'trans13Step3' is assigned a value but never used     no-unused-vars
   89:7   warning  'arr4Step3' is assigned a value but never used        no-unused-vars
   90:7   warning  'arr5Step3' is assigned a value but never used        no-unused-vars
   91:7   warning  'arr6Step3' is assigned a value but never used        no-unused-vars
   92:7   warning  'arr7Step3' is assigned a value but never used        no-unused-vars
   93:7   warning  'arr8Step3' is assigned a value but never used        no-unused-vars
  117:44  warning  'evt' is defined but never used                       no-unused-vars
  137:17  warning  'evt' is defined but never used                       no-unused-vars

✖ 221 problems (0 errors, 221 warnings)

